<?xml version="1.0" encoding="UTF-8"?>
<!-- Generated by org.testng.reporters.JUnitReportReporter -->
<testsuite hostname="ENT51" failures="0" tests="1" name="plain.QuestionAddManually" time="13.339" errors="0" timestamp="22 Jan 2019 10:51:43 GMT">
  <testcase classname="plain.QuestionAddManually" name="createQuestionManually" time="13.339"/>
</testsuite> <!-- plain.QuestionAddManually -->
