<?xml version="1.0" encoding="UTF-8"?>
<!-- Generated by org.testng.reporters.JUnitReportReporter -->
<testsuite hostname="ENT51" failures="0" tests="1" name="TestTestNG" time="39.256" errors="0" timestamp="11 Feb 2019 13:06:44 GMT">
  <testcase classname="TestTestNG" name="sampleTest" time="39.256"/>
</testsuite> <!-- TestTestNG -->
