<?xml version="1.0" encoding="UTF-8"?>
<!-- Generated by org.testng.reporters.JUnitReportReporter -->
<testsuite hostname="ENT51" failures="0" tests="2" name="plain.QuestionAdd" time="40.118" errors="0" timestamp="22 Feb 2019 13:41:22 GMT">
  <testcase classname="plain.QuestionAdd" name="createQuestionManually" time="16.975"/>
  <testcase classname="plain.QuestionAdd" name="login" time="23.143"/>
</testsuite> <!-- plain.QuestionAdd -->
