<?xml version="1.0" encoding="UTF-8"?>
<!-- Generated by org.testng.reporters.JUnitReportReporter -->
<testsuite hostname="ENT51" failures="0" tests="1" name="plain.QuestionAdd" time="10.919" errors="0" timestamp="31 Jan 2019 11:00:34 GMT">
  <testcase classname="plain.QuestionAdd" name="login" time="10.919"/>
</testsuite> <!-- plain.QuestionAdd -->
