<?xml version="1.0" encoding="UTF-8"?>
<!-- Generated by org.testng.reporters.JUnitReportReporter -->
<testsuite hostname="ENT51" failures="0" tests="2" name="plain.QuestionAdd" time="23.034" errors="0" timestamp="21 Feb 2019 14:04:37 GMT">
  <testcase classname="plain.QuestionAdd" name="login" time="10.819"/>
  <testcase classname="plain.QuestionAdd" name="createQuestionManually" time="12.215"/>
</testsuite> <!-- plain.QuestionAdd -->
