<?xml version="1.0" encoding="UTF-8"?>
<!-- Generated by org.testng.reporters.JUnitReportReporter -->
<testsuite hostname="ENT51" failures="0" tests="1" name="plain.QuestionAdd" time="29.102" errors="0" timestamp="8 Feb 2019 13:59:09 GMT">
  <testcase classname="plain.QuestionAdd" name="login" time="29.102"/>
</testsuite> <!-- plain.QuestionAdd -->
