<?xml version="1.0" encoding="UTF-8"?>
<!-- Generated by org.testng.reporters.JUnitReportReporter -->
<testsuite hostname="ENT51" failures="0" tests="1" name="ReTryTest" time="0.959" errors="0" timestamp="25 Jan 2019 12:23:39 GMT">
  <testcase classname="ReTryTest" name="f" time="0.959"/>
</testsuite> <!-- ReTryTest -->
