<?xml version="1.0" encoding="UTF-8"?>
<!-- Generated by org.testng.reporters.JUnitReportReporter -->
<testsuite hostname="ENT51" failures="0" tests="4" name="plain.QuestionAdd" time="5.376" errors="0" timestamp="27 Feb 2019 13:22:36 GMT">
  <testcase classname="plain.QuestionAdd" name="login" time="4.486"/>
  <testcase classname="plain.QuestionAdd" name="searchQuestion" time="0.003"/>
  <testcase classname="plain.QuestionAdd" name="editQuestion" time="0.004"/>
  <testcase classname="plain.QuestionAdd" name="createQuestionManually" time="0.883"/>
</testsuite> <!-- plain.QuestionAdd -->
